[ Noise ] GudQWPZjLiJusQJhfVivzeVPTGSVzGwCSCcGBobCJpZbsxKjkaPEWYkoMuckicVKUdJMrXXe
[ Noise ] julKKetvOaRtlXZweIFXvRQpoZmsGTLlVTyuJpSWjYEbTPUbmYjjkTHbAtLFzyYAkjGSSeByW
[ Noise ] LtZstAWDMwfquCKLOeoJAOWvPsaUSkEPyIUkotETctALon
Server Listening on port : 7520
[ Noise ] jgnQNXKIoXeQVOWZLNFPZcWoEYSnkuQJJlGeciBZBOPaus
Connected to /127.0.0.1:60174
[ Noise ] pcYOnJRJdaxyAmOfMWKJFVElfKWYReBBx
[ Noise ] tmltnxVsEjiivpGXftPKyt
[ Received ] Hello
[ Noise ] yVOksGEVHmWHqSOt
[ Noise ] INAMVRykZVFTRqGHllWFCRRyxuBBIeIEDdNcoPtiZAzjmUldwp
[ Noise ] BbSYyuavtiHRfteXDBUyHiOvofCgFkFHzWxwn
[ noise log ]
[ Noise ] XiUJxURtTYRdzmHwRIlIuQmDMLyk
[ Noise ] MNmMdoTGYskMSVne
[ Noise ] yiQFdeEhrquzZQTcfFMiZLChWaxbubJUNBvnVoxBUgupfDNAadAvwMKRBCpz
[ noise log ]
[ Noise ] FxSuDDylyHBmkmjlZPjVWfcIDpvVMGZaJGzjAdWQmzFetRYGvzApJOufdLWfHtKpBQ
[ Noise ] RhXjIIHnlrRNfjkQPXZrXycAWuONx
[ noise log ]
[ Noise ] JzboqTADopTCKBLlVxhdfGRPIieyywfcnMDPGNBDlotckUBRsexcZ
[ Noise ] JkAqVROolFVVvttmpjyStUjXTiHPYEbIaXcVdEu
[ noise log ]
[ Noise ] zbNqgoQTTvFAjBmFrCpBxJOFGFbzepQoxixQctfbELOSNinKlcdb
[ Noise ] hKutVxlOyOJNGpIPXPOKorvqSuhlpqLOXZXpSxeVYhXXmTYbBqTW
[ Noise ] HzwBbubMlgLeVPAiwjyUcaKJhQRuvPedRYRLFVDMIC
[ Sent ] Hello
[ Noise ] hSeBFPr
[ Noise ] CUDACQyypgMmJCsiBedsyfrNjTPOxYpbXzlFcYEuWyon
[ Noise ] oCdrZQMiZpbbCeZzvpRcmPRZqIpGOXRWqGprXcsAkpu
[ Noise ] jkYXmIygBsXlXaySHZRtrIfrzDLGiDocnEFKIGAnUfnhlOpzbYnCgDINlzfCIUXIcNqDTCChCOtS
[ Noise ] RRVOZKWpbmEZcBWnQOaRLvVFUQWCPRJqfCuQQIrvplCLVchlFetEGGlFaMp
[ Sent ] DATA1
[ Noise ] EvVdSMODplLrgIIcaEIkKKhoJltVrTFXJHDqYlBN
[ Noise ] kiSFofhiGM
[ Noise ] avobFWGkoMYPpyDQCHzBNXVncoUnTBoTTUcpuwkAGJDoaRFVTorKAjUSABmjhxnKLLoYQPTJQCDm
[ Received ] ACK
[ Noise ] nFgfIdEvgdlxpfJxOEDTqQaeGKeDhRVdZMKcWLSuUdeDzoRSHtCAfIqP
[ Noise ] qvQIirHElmsdrjDPUrHrzNGcAXFkSvvwl
[ Noise ] BgarbXLcJCkZrJDJSLSaEiXSuIurqyKWURYAYdkEujcWKqBjmzvFhKJsmXRHNvkCcN
[ Noise ] rPblcCwEGNuqazVHuZftmDLBbYjUrPPdOzFYROWibOLZW
[ Received ] DATA2
[ Noise ] sChYoBGaUS
[ Noise ] QZUhwRjCLSfixcTffbIPFPMVKrVgfmFqbeWcIdtpiOkTFehoASyVEQiKnwLpolaNrmXPHNEbKoOCv
[ Noise ] SCTo
[ Sent ] ACK
[ Noise ] rlYGqxgLDtlHasAqYMHObquYYxIgVecJhaUKY
[ Noise ] FErLrpUAjWUUooZiXuHxyIG
[ Received ] Disconnecting
[ Noise ] YtC
[ Noise ] jFPnIilLXfMHBBZFRiJykqdrSgqYCosQTIvnGjuvTdtEvZsDgCSmvifwoozosHxgOgHpCfZbn
[ Noise ] mqwlZrCKhdLTPKPkQFMXkOdCI
[ Noise ] wfAzZPZATwARyogsvqFPHSIatU
[ Sent ] ACK
[ Noise ] bBEPEtaQk
[ Noise ] udJKnIkKyqfxGrVBmMzHBMPsepsyalWXhiZlVsOfqa
[ Noise ] XQMDOmQUfAaPopAhRqnRlwKYbuOTAcnKOEuxjfoaKsoMakIKwTAAhhwSYfRO
[ Noise ] VfXJOwkRjgEgUcwuMrDBFaUkDxZsGsSYheguzqSFCfHqRUsYGTnmuJtfW
[ Disconnected ]
