[ Noise ] squwFguRVWTEEwOvnrppkJyaLJyhRSQUPbALqxZzsMAL
[ Noise ] ZXDrzTZPKNFmjMULybCNIgwNElwAtEzShqRtNVOZlzqcMyLaIDRtIWQPKehbEVDTN
[ Noise ] SkkZvmkgiWXDfzcvARypIJL
[ Noise ] ibRsdfHHQTCgAIkmfDGmiVAMukuEgwyPOAIJEcZXglna
Connecting to localhost on port 7520...

Connected to localhost/127.0.0.1:7520
[ Noise ] YHRcjlHgOnBFsFOlEImpbniSAajkPVjPxclCuuiJVFWFmqBohFOhecHCAdZQUYX
[ Noise ] pcDXfjNXTuQebjADHURPtqvhrgfteSEyzVZzuqUTKTFG
[ Sent ] Hello
[ Noise ] pDfuwQPdaTeNrHHFbuAVPGprnrQiWVILfUNzgErtWsiwTzuyzXt
[ Noise ] qIoFZWnkkQhlJLFQlSetUxUTuBAcQbGQseFtoqZYKOzQFzivlaVJBivBREZoeAD
[ Noise ] QfgYSNvhaasZHSHfDRujBgqqOKWIfNLWuSuRaOmtcnLEZarMAqLO
[ Noise ] gUnTfsYlBxMmZQYphDtCopupgDdAyLtf
[ Received ] Hello
[ Noise ] gPpinfyqFJaNVGXYcVZSGombjrzdvpJZRUgOrukJKWgsUGLqVAxd
[ Sent ] ACK
[ Noise ] bzZTAFLgaTwJoayeJeInkzQe
[ Noise ] oqaaTaBVlSAlwUNAKy
[ Noise ] VrqwUPompmNRQiTwhzPvqoWRePqDVKAXrikkVuhSRWDdIDzcPeRmplbJcfhuL
[ Noise ] BVcGMYKWGqwuDwEWHTYlXnHUIJKKhSFQcYXaCkaSwblIdUAkuKJmS
[ Received ] DATA1
[ Noise ] fxVkOTkANgMXdTmMhkHGvyheIDRJMGFVDEZPaxgebDeKdunphtFcQRXGvHyGubxlKKQuuSShCAkbZ
[ Noise ] oPUQrYoRBBK
[ Noise ] AUqrvsQPPwvHrfngnPcRbOSdFaItbvXtgHeHJOWRPYLtOecqlxXDAYphSdttKxwznaOJcvVkLLdN
[ Noise ] RNMfUsQPVlEgtKqbrmxbRiiwStYFcPvIPBMhfQOVzSffXoJvzP
[ Sent ] ACK
[ Noise ] dVipumaCyTfmxwDzVDNKXbIwxmGRbdFRpUVBUQxAGjQPwLKiiPlDjEe
[ Noise ] tFbUCwKZECKlzOUd
[ Noise ] wnthIBlUlmBhRWcODnbIuEtknOmeAnDRrygEIChDJIspqF
[ Sent ] DATA2
[ Noise ] diBCmXziqEomMJoEpliodbTbH
[ Received ] ACK
[ Noise ] thCSQbwESjhYuTaSOwYRgWVfNEMpwIMvtMbYZBjUCPjtsegmoBEICepMtfqwE
[ Noise ] TgfeTwSiDRpJxUbASQtlPcWoLgNeBTWMANeValXySVPNh
[ Sent ] Disconnecting
[ Noise ] pcijTmzAzuDlMyLSofEYnpHVXFAyRIuYsSakAsilNktFhOMGFZbpLzIcm
[ Noise ] JalmHHQDPlXMZkTcwJMWjhBULJoBMtshcDTYulPzsDiyZNUaKzrqscDFFHPumMJjGJNXaHtvfforI
[ Received ] ACK
[ Noise ] ylDyCHIaXnOonUuwUWmcgZBsjMEgnIkRMDSWHJEFEAXRJbGbccNs
[ Noise ] LFQJsKbqUNEeAcGJnttZjIqenWErmFlsPFmbjhYvDmVIjccHpMWydYSOL
[ Noise ] myCQVWkqZcrfPJRUzNKawLgUujcXxfsTWhBhxshXUAZbIQXoSNXAH
[ Disconnected ]
